生成启动时间为 2014/8/31 15:51:14。
     1>项目“E:\GitHub\ExampleOpenGL\vs\aSquare_CanMove\aSquare_CanMove\aSquare_CanMove.vcxproj”在节点 2 上(build 个目标)。
     1>InitializeBuildStatus:
         正在创建“Debug\aSquare_CanMove.unsuccessfulbuild”，因为已指定“AlwaysCreate”。
       ClCompile:
         C:\Program Files (x86)\Microsoft Visual Studio 10.0\VC\bin\CL.exe /c /ZI /nologo /W3 /WX- /Od /Oy- /D WIN32 /D _DEBUG /D _CONSOLE /D _UNICODE /D UNICODE /Gm /EHsc /RTC1 /MDd /GS /fp:precise /Zc:wchar_t /Zc:forScope /Fo"Debug\\" /Fd"Debug\vc100.pdb" /Gd /TP /analyze- /errorReport:prompt aSquare_CanMove.cpp
         aSquare_CanMove.cpp
       ManifestResourceCompile:
         所有输出均为最新。
       Link:
         C:\Program Files (x86)\Microsoft Visual Studio 10.0\VC\bin\link.exe /ERRORREPORT:PROMPT /OUT:"E:\GitHub\ExampleOpenGL\vs\aSquare_CanMove\Debug\aSquare_CanMove.exe" /INCREMENTAL /NOLOGO gltools.lib freeglut.lib freeglut_static.lib kernel32.lib user32.lib gdi32.lib winspool.lib comdlg32.lib advapi32.lib shell32.lib ole32.lib oleaut32.lib uuid.lib odbc32.lib odbccp32.lib /MANIFEST /ManifestFile:"Debug\aSquare_CanMove.exe.intermediate.manifest" /MANIFESTUAC:"level='asInvoker' uiAccess='false'" /DEBUG /PDB:"E:\GitHub\ExampleOpenGL\vs\aSquare_CanMove\Debug\aSquare_CanMove.pdb" /SUBSYSTEM:CONSOLE /TLBID:1 /DYNAMICBASE /NXCOMPAT /IMPLIB:"E:\GitHub\ExampleOpenGL\vs\aSquare_CanMove\Debug\aSquare_CanMove.lib" /MACHINE:X86 Debug\aSquare_CanMove.exe.embed.manifest.res
         Debug\aSquare_CanMove.obj
         freeglut_static.lib(freeglut_display.obj) : 找到 MSIL .netmodule 或使用 /GL 编译的模块；正在使用 /LTCG 重新启动链接；将 /LTCG 添加到链接命令行以改进链接器性能
     1>LINK : warning LNK4075: 忽略“/INCREMENTAL”(由于“/LTCG”规范)
     1>LINK : warning LNK4098: 默认库“LIBCMT”与其他库的使用冲突；请使用 /NODEFAULTLIB:library
         正在生成代码
         已完成代码的生成
     1>gltools.lib(GLBatch.obj) : warning LNK4099: 未找到 PDB“vc90.pdb”(使用“gltools.lib(GLBatch.obj)”或在“E:\GitHub\ExampleOpenGL\vs\aSquare_CanMove\Debug\vc90.pdb”中寻找)；正在链接对象，如同没有调试信息一样
     1>gltools.lib(glew.obj) : warning LNK4099: 未找到 PDB“vc90.pdb”(使用“gltools.lib(glew.obj)”或在“E:\GitHub\ExampleOpenGL\vs\aSquare_CanMove\Debug\vc90.pdb”中寻找)；正在链接对象，如同没有调试信息一样
     1>gltools.lib(GLShaderManager.obj) : warning LNK4099: 未找到 PDB“vc90.pdb”(使用“gltools.lib(GLShaderManager.obj)”或在“E:\GitHub\ExampleOpenGL\vs\aSquare_CanMove\Debug\vc90.pdb”中寻找)；正在链接对象，如同没有调试信息一样
     1>gltools.lib(GLTools.obj) : warning LNK4099: 未找到 PDB“vc90.pdb”(使用“gltools.lib(GLTools.obj)”或在“E:\GitHub\ExampleOpenGL\vs\aSquare_CanMove\Debug\vc90.pdb”中寻找)；正在链接对象，如同没有调试信息一样
     1>gltools.lib(GLTriangleBatch.obj) : warning LNK4099: 未找到 PDB“vc90.pdb”(使用“gltools.lib(GLTriangleBatch.obj)”或在“E:\GitHub\ExampleOpenGL\vs\aSquare_CanMove\Debug\vc90.pdb”中寻找)；正在链接对象，如同没有调试信息一样
       Manifest:
         C:\Program Files (x86)\Microsoft SDKs\Windows\v7.0A\bin\mt.exe /nologo /verbose /out:"Debug\aSquare_CanMove.exe.embed.manifest" /manifest Debug\aSquare_CanMove.exe.intermediate.manifest
         所有输出均为最新。
       LinkEmbedManifest:
         所有输出均为最新。
         aSquare_CanMove.vcxproj -> E:\GitHub\ExampleOpenGL\vs\aSquare_CanMove\Debug\aSquare_CanMove.exe
       FinalizeBuildStatus:
         正在删除文件“Debug\aSquare_CanMove.unsuccessfulbuild”。
         正在对“Debug\aSquare_CanMove.lastbuildstate”执行 Touch 任务。
     1>已完成生成项目“E:\GitHub\ExampleOpenGL\vs\aSquare_CanMove\aSquare_CanMove\aSquare_CanMove.vcxproj”(build 个目标)的操作。

生成成功。

已用时间 00:00:01.70
